<?xml version="1.0" encoding="UTF-8"?>
<testng-results ignored="0" total="1" passed="1" failed="0" skipped="0">
  <reporter-output>
  </reporter-output>
  <suite started-at="2025-01-03T14:44:03 IST" name="Default suite" finished-at="2025-01-03T14:44:06 IST" duration-ms="2552">
    <groups>
    </groups>
    <test started-at="2025-01-03T14:44:03 IST" name="Default test" finished-at="2025-01-03T14:44:06 IST" duration-ms="2552">
      <class name="Cookies_Headers.Header1">
        <test-method signature="getHeaders()[pri:2, instance:Cookies_Headers.Header1@316bcf94]" started-at="2025-01-03T14:44:03 IST" name="getHeaders" finished-at="2025-01-03T14:44:06 IST" duration-ms="2521" status="PASS">
          <reporter-output>
          </reporter-output>
        </test-method> <!-- getHeaders -->
      </class> <!-- Cookies_Headers.Header1 -->
    </test> <!-- Default test -->
  </suite> <!-- Default suite -->
</testng-results>
