<?xml version="1.0" encoding="UTF-8"?>
<testng-results ignored="0" total="1" passed="1" failed="0" skipped="0">
  <reporter-output>
  </reporter-output>
  <suite started-at="2024-12-30T16:30:13 IST" name="Default suite" finished-at="2024-12-30T16:30:15 IST" duration-ms="1491">
    <groups>
    </groups>
    <test started-at="2024-12-30T16:30:13 IST" name="Default test" finished-at="2024-12-30T16:30:15 IST" duration-ms="1491">
      <class name="bascic_HTTPRequest.DeleteRequest_Student">
        <test-method signature="Tc1()[pri:0, instance:bascic_HTTPRequest.DeleteRequest_Student@ffaa6af]" started-at="2024-12-30T16:30:13 IST" name="Tc1" finished-at="2024-12-30T16:30:15 IST" duration-ms="1462" status="PASS">
          <reporter-output>
          </reporter-output>
        </test-method> <!-- Tc1 -->
      </class> <!-- bascic_HTTPRequest.DeleteRequest_Student -->
    </test> <!-- Default test -->
  </suite> <!-- Default suite -->
</testng-results>
